[12:18:34] [ServerMain/INFO]: Environment: authHost='https://authserver.mojang.com', accountsHost='https://api.mojang.com', sessionHost='https://sessionserver.mojang.com', servicesHost='https://api.minecraftservices.com', name='PROD'
[12:18:36] [ServerMain/INFO]: Loaded 7 recipes
[12:18:36] [ServerMain/INFO]: Loaded 1271 advancements
[12:18:36] [Server thread/INFO]: Starting minecraft server version 1.20.1
[12:18:36] [Server thread/INFO]: Loading properties
[12:18:36] [Server thread/INFO]: Default game type: SURVIVAL
[12:18:36] [Server thread/INFO]: Generating keypair
[12:18:36] [Server thread/INFO]: Starting Minecraft server on *:25565
[12:18:36] [Server thread/INFO]: Using epoll channel type
[12:18:37] [Server thread/WARN]: **** SERVER IS RUNNING IN OFFLINE/INSECURE MODE!
[12:18:37] [Server thread/WARN]: The server will make no attempt to authenticate usernames. Beware.
[12:18:37] [Server thread/WARN]: While this makes the game possible to play without internet access, it also opens up the ability for hackers to connect with any username they choose.
[12:18:37] [Server thread/WARN]: To change this, set "online-mode" to "true" in the server.properties file.
[12:18:37] [Server thread/INFO]: Preparing level "world"
[12:18:42] [Server thread/INFO]: Preparing start region for dimension minecraft:overworld
[12:18:43] [Worker-Main-1/INFO]: Preparing spawn area: 0%
[12:18:43] [Worker-Main-1/INFO]: Preparing spawn area: 0%
[12:18:43] [Worker-Main-3/INFO]: Preparing spawn area: 0%
[12:18:43] [Worker-Main-1/INFO]: Preparing spawn area: 0%
[12:18:44] [Worker-Main-2/INFO]: Preparing spawn area: 0%
[12:18:44] [Worker-Main-2/INFO]: Preparing spawn area: 0%
[12:18:45] [Worker-Main-2/INFO]: Preparing spawn area: 1%
[12:18:45] [Worker-Main-2/INFO]: Preparing spawn area: 2%
[12:18:46] [Worker-Main-3/INFO]: Preparing spawn area: 3%
[12:18:46] [Worker-Main-3/INFO]: Preparing spawn area: 4%
[12:18:47] [Worker-Main-2/INFO]: Preparing spawn area: 5%
[12:18:47] [Worker-Main-2/INFO]: Preparing spawn area: 6%
[12:18:48] [Worker-Main-1/INFO]: Preparing spawn area: 7%
[12:18:48] [Worker-Main-2/INFO]: Preparing spawn area: 9%
[12:18:49] [Worker-Main-3/INFO]: Preparing spawn area: 10%
[12:18:49] [Worker-Main-2/INFO]: Preparing spawn area: 12%
[12:18:50] [Worker-Main-2/INFO]: Preparing spawn area: 14%
[12:18:50] [Worker-Main-3/INFO]: Preparing spawn area: 16%
[12:18:51] [Worker-Main-1/INFO]: Preparing spawn area: 17%
[12:18:51] [Worker-Main-3/INFO]: Preparing spawn area: 20%
[12:18:52] [Worker-Main-3/INFO]: Preparing spawn area: 22%
[12:18:52] [Worker-Main-2/INFO]: Preparing spawn area: 24%
[12:18:53] [Worker-Main-1/INFO]: Preparing spawn area: 27%
[12:18:53] [Worker-Main-1/INFO]: Preparing spawn area: 29%
[12:18:54] [Worker-Main-1/INFO]: Preparing spawn area: 31%
[12:18:54] [Worker-Main-2/INFO]: Preparing spawn area: 33%
[12:18:55] [Worker-Main-1/INFO]: Preparing spawn area: 37%
[12:18:55] [Worker-Main-1/INFO]: Preparing spawn area: 39%
[12:18:56] [Worker-Main-1/INFO]: Preparing spawn area: 42%
[12:18:56] [Worker-Main-1/INFO]: Preparing spawn area: 44%
[12:18:57] [Worker-Main-3/INFO]: Preparing spawn area: 46%
[12:18:57] [Worker-Main-1/INFO]: Preparing spawn area: 49%
[12:18:58] [Worker-Main-2/INFO]: Preparing spawn area: 52%
[12:18:58] [Worker-Main-3/INFO]: Preparing spawn area: 55%
[12:18:59] [Worker-Main-1/INFO]: Preparing spawn area: 58%
[12:18:59] [Worker-Main-2/INFO]: Preparing spawn area: 61%
[12:19:00] [Worker-Main-3/INFO]: Preparing spawn area: 64%
[12:19:00] [Worker-Main-2/INFO]: Preparing spawn area: 67%
[12:19:01] [Worker-Main-3/INFO]: Preparing spawn area: 69%
[12:19:01] [Worker-Main-2/INFO]: Preparing spawn area: 73%
[12:19:02] [Worker-Main-1/INFO]: Preparing spawn area: 76%
[12:19:02] [Worker-Main-2/INFO]: Preparing spawn area: 79%
[12:19:03] [Worker-Main-2/INFO]: Preparing spawn area: 83%
[12:19:03] [Worker-Main-2/INFO]: Preparing spawn area: 86%
[12:19:04] [Worker-Main-2/INFO]: Preparing spawn area: 88%
[12:19:04] [Worker-Main-1/INFO]: Preparing spawn area: 92%
[12:19:05] [Worker-Main-3/INFO]: Preparing spawn area: 95%
[12:19:05] [Server thread/INFO]: Time elapsed: 23507 ms
[12:19:05] [Server thread/INFO]: Done (28.846s)! For help, type "help"
[12:20:32] [Server thread/INFO]: Charly[/[0:0:0:0:0:0:0:1%0]:50442] logged in with entity id 234 at (4.5, 63.0, -3.5)
[12:20:32] [Server thread/INFO]: Charly joined the game
[12:21:32] [Server thread/INFO]: Charly lost connection: Timed out
[12:21:32] [Server thread/INFO]: Charly left the game
